Hе заданы длины волн 
Hе загружена оптическая система 
Мало оперативной памяти 
Мало памяти для трансляции 
Ошибки в задании марок сред 
Трансляция не проведена - объектный модуль не построен 
Ошибки в операторах предмета / изображения 
Такого каталога нет ! 
Такое имя файла недопустимо 
Такого файла нет ! 
В фильтре должна быть * 
Длина волны вне рабочего интервала для среды %d
--
Блок должен быть непрерывным 
Не отмечен копируемый блок 
Не отмечен перемещаемый блок 
Для данной среды не задана марка стекла 
Для данной среды марка стекла-  ВОЗДУХ 
Плавки рассчитываются только для стекол Pоссийского каталога 
Hе задан показатель преломления 
Hе задано число Аббе 
Hе задан коэффициент асферики 
Hеправильно заданы коэффициенты асферики 
Неправильно задан киноформ 
Hе заданы параметры GRIN 
Неверно задана ось поворота 
Неверно задана ось вращения 
Много повернутых поверхностей 
Не задан угол поворота 
Поверхность входит в несколько блоков 
Поверхность не входит в  блок 
Блок не может начинаться с первой поверхности 
Не заданы блоки 
Все блоки связаны 
Не задано количество состояний 
Неверен номер поверхности 
Не найден файл с деформациями 
Неверен формат данных 
Не задана нормировочная высота 
Слишком много поверхностей с деформациями 
Предмет совпадает со входным зрачком
Изображение совпадает с выходным зрачком 
Апертура не задана никаким способом 
Неверно задано положение диафрагмы 
Не задана оптическая система
Диафрагма находится в неоднородной среде
Для  %d поверхности не определен радиус 
Для  %d поверхности не определено осевое расстояние
Для  %d среды не определен  показатель преломления
Знак    осевого расстояния не согласован с показателем
Подгонка требуемой характеристики неудачна
Tребуемоe значение характеристики ошибочное
Ошибочный номер поверхности




